0 info it worked if it ends with ok
1 verbose cli [ 'E:\\nodejs\\node.exe',
1 verbose cli   'E:\\nodejs\\node_modules\\npm\\bin\\npm-cli.js',
1 verbose cli   'run',
1 verbose cli   'dev' ]
2 info using npm@3.10.10
3 info using node@v6.11.4
4 verbose run-script [ 'predev', 'dev', 'postdev' ]
5 info lifecycle ppk@1.0.0~predev: ppk@1.0.0
6 silly lifecycle ppk@1.0.0~predev: no script for predev, continuing
7 info lifecycle ppk@1.0.0~dev: ppk@1.0.0
8 verbose lifecycle ppk@1.0.0~dev: unsafe-perm in lifecycle true
9 verbose lifecycle ppk@1.0.0~dev: PATH: E:\nodejs\node_modules\npm\bin\node-gyp-bin;F:\Shane\puddingKing.github.io\node_modules\.bin;C:\WINDOWS\system32;C:\WINDOWS;C:\WINDOWS\System32\Wbem;C:\WINDOWS\System32\WindowsPowerShell\v1.0\;E:\SVN\bin;E:\Git\cmd;C:\Program Files (x86)\Windows Kits\8.1\Windows Performance Toolkit\;C:\Program Files\Microsoft SQL Server\110\Tools\Binn\;E:\nodejs\;E:\Ruby23-x64\bin;C:\Users\余旋\AppData\Local\Microsoft\WindowsApps;C:\Users\余旋\AppData\Local\Programs\Fiddler;E:\Microsoft VS Code\bin;C:\Users\余旋\AppData\Roaming\npm
10 verbose lifecycle ppk@1.0.0~dev: CWD: F:\Shane\puddingKing.github.io
11 silly lifecycle ppk@1.0.0~dev: Args: [ '/d /s /c', 'webpack --watch' ]
12 verbose stack Error: kill ENOSYS
12 verbose stack     at Object.exports._errnoException (util.js:1020:11)
12 verbose stack     at process.kill (internal/process.js:191:18)
12 verbose stack     at process.listener (E:\nodejs\node_modules\npm\node_modules\npmlog\node_modules\gauge\node_modules\signal-exit\index.js:86:15)
12 verbose stack     at emitNone (events.js:91:20)
12 verbose stack     at process.emit (events.js:185:7)
12 verbose stack     at processEmit (E:\nodejs\node_modules\npm\node_modules\npmlog\node_modules\gauge\node_modules\signal-exit\index.js:146:32)
12 verbose stack     at processEmit (E:\nodejs\node_modules\npm\node_modules\npm-registry-client\node_modules\npmlog\node_modules\gauge\node_modules\signal-exit\index.js:146:32)
12 verbose stack     at Signal.wrap.onsignal (internal/process.js:217:44)
13 verbose cwd F:\Shane\puddingKing.github.io
14 error Windows_NT 10.0.14393
15 error argv "E:\\nodejs\\node.exe" "E:\\nodejs\\node_modules\\npm\\bin\\npm-cli.js" "run" "dev"
16 error node v6.11.4
17 error npm  v3.10.10
18 error code ENOSYS
19 error errno ENOSYS
20 error syscall kill
21 error kill ENOSYS
22 error If you need help, you may report this error at:
22 error     <https://github.com/npm/npm/issues>
23 verbose exit [ 1, true ]
